0 verbose cli /usr/local/bin/node /usr/local/bin/npm
1 info using npm@10.8.2
2 info using node@v20.17.0
3 silly config load:file:/usr/local/lib/node_modules/npm/npmrc
4 silly config load:file:/data/.npmrc
5 silly config load:file:/usr/src/node-red/.npmrc
6 silly config load:file:/usr/local/etc/npmrc
7 verbose title npm install node-red-dashboard@3.6.5
8 verbose argv "install" "--no-audit" "--no-update-notifier" "--no-fund" "--save" "--save-prefix" "~" "--omit" "dev" "--engine-strict" "node-red-dashboard@3.6.5"
9 verbose logfile logs-max:10 dir:/data/.npm/_logs/2024-12-02T21_44_08_963Z-
10 verbose logfile /data/.npm/_logs/2024-12-02T21_44_08_963Z-debug-0.log
11 silly packumentCache heap:2197815296 maxSize:549453824 maxEntrySize:274726912
12 silly logfile done cleaning log files
13 silly idealTree buildDeps
14 silly fetch manifest node-red-dashboard@3.6.5
15 silly packumentCache full:https://registry.npmjs.org/node-red-dashboard cache-miss
16 http fetch GET 200 https://registry.npmjs.org/node-red-dashboard 288ms (cache miss)
17 silly packumentCache full:https://registry.npmjs.org/node-red-dashboard set size:undefined disposed:false
18 silly placeDep ROOT node-red-dashboard@3.6.5 OK for: node-red-project@0.0.1 want: 3.6.5
19 silly fetch manifest compression@^1.7.4
20 silly packumentCache full:https://registry.npmjs.org/compression cache-miss
21 silly fetch manifest gridstack@^0.6.4
22 silly packumentCache full:https://registry.npmjs.org/gridstack cache-miss
23 silly fetch manifest serve-static@^1.15.0
24 silly packumentCache full:https://registry.npmjs.org/serve-static cache-miss
25 silly fetch manifest socket.io@^4.7.4
26 silly packumentCache full:https://registry.npmjs.org/socket.io cache-miss
27 http fetch GET 200 https://registry.npmjs.org/compression 79ms (cache miss)
28 silly packumentCache full:https://registry.npmjs.org/compression set size:undefined disposed:false
29 http fetch GET 200 https://registry.npmjs.org/serve-static 128ms (cache miss)
30 silly packumentCache full:https://registry.npmjs.org/serve-static set size:undefined disposed:false
31 http fetch GET 200 https://registry.npmjs.org/socket.io 167ms (cache miss)
32 silly packumentCache full:https://registry.npmjs.org/socket.io set size:undefined disposed:false
33 http fetch GET 200 https://registry.npmjs.org/gridstack 177ms (cache miss)
34 silly packumentCache full:https://registry.npmjs.org/gridstack set size:undefined disposed:false
35 silly placeDep ROOT compression@1.7.5 OK for: node-red-dashboard@3.6.5 want: ^1.7.4
36 silly placeDep ROOT gridstack@0.6.4 OK for: node-red-dashboard@3.6.5 want: ^0.6.4
37 silly placeDep ROOT serve-static@1.16.2 OK for: node-red-dashboard@3.6.5 want: ^1.15.0
38 silly placeDep ROOT socket.io@4.8.1 OK for: node-red-dashboard@3.6.5 want: ^4.7.4
39 silly fetch manifest bytes@3.1.2
40 silly packumentCache full:https://registry.npmjs.org/bytes cache-miss
41 silly fetch manifest compressible@~2.0.18
42 silly packumentCache full:https://registry.npmjs.org/compressible cache-miss
43 silly fetch manifest debug@2.6.9
44 silly packumentCache full:https://registry.npmjs.org/debug cache-miss
45 silly fetch manifest negotiator@~0.6.4
46 silly packumentCache full:https://registry.npmjs.org/negotiator cache-miss
47 silly fetch manifest on-headers@~1.0.2
48 silly packumentCache full:https://registry.npmjs.org/on-headers cache-miss
49 silly fetch manifest safe-buffer@5.2.1
50 silly packumentCache full:https://registry.npmjs.org/safe-buffer cache-miss
51 silly fetch manifest vary@~1.1.2
52 silly packumentCache full:https://registry.npmjs.org/vary cache-miss
53 http fetch GET 200 https://registry.npmjs.org/bytes 70ms (cache miss)
54 silly packumentCache full:https://registry.npmjs.org/bytes set size:undefined disposed:false
55 silly fetch manifest jquery@^1.8 || 2 || 3
56 silly packumentCache full:https://registry.npmjs.org/jquery cache-miss
57 http fetch GET 200 https://registry.npmjs.org/compressible 72ms (cache miss)
58 silly packumentCache full:https://registry.npmjs.org/compressible set size:undefined disposed:false
59 silly fetch manifest encodeurl@~2.0.0
60 silly packumentCache full:https://registry.npmjs.org/encodeurl cache-miss
61 http fetch GET 200 https://registry.npmjs.org/debug 80ms (cache miss)
62 silly packumentCache full:https://registry.npmjs.org/debug set size:undefined disposed:false
63 silly fetch manifest escape-html@~1.0.3
64 silly packumentCache full:https://registry.npmjs.org/escape-html cache-miss
65 http fetch GET 200 https://registry.npmjs.org/negotiator 98ms (cache miss)
66 silly packumentCache full:https://registry.npmjs.org/negotiator set size:undefined disposed:false
67 silly fetch manifest parseurl@~1.3.3
68 silly packumentCache full:https://registry.npmjs.org/parseurl cache-miss
69 http fetch GET 200 https://registry.npmjs.org/on-headers 115ms (cache miss)
70 silly packumentCache full:https://registry.npmjs.org/on-headers set size:undefined disposed:false
71 silly fetch manifest send@0.19.0
72 silly packumentCache full:https://registry.npmjs.org/send cache-miss
73 http fetch GET 200 https://registry.npmjs.org/safe-buffer 117ms (cache miss)
74 silly packumentCache full:https://registry.npmjs.org/safe-buffer set size:undefined disposed:false
75 silly fetch manifest accepts@~1.3.4
76 silly packumentCache full:https://registry.npmjs.org/accepts cache-miss
77 http fetch GET 200 https://registry.npmjs.org/encodeurl 54ms (cache miss)
78 silly packumentCache full:https://registry.npmjs.org/encodeurl set size:undefined disposed:false
79 silly fetch manifest base64id@~2.0.0
80 silly packumentCache full:https://registry.npmjs.org/base64id cache-miss
81 http fetch GET 200 https://registry.npmjs.org/vary 131ms (cache miss)
82 silly packumentCache full:https://registry.npmjs.org/vary set size:undefined disposed:false
83 silly fetch manifest cors@~2.8.5
84 silly packumentCache full:https://registry.npmjs.org/cors cache-miss
85 http fetch GET 200 https://registry.npmjs.org/escape-html 64ms (cache miss)
86 silly packumentCache full:https://registry.npmjs.org/escape-html set size:undefined disposed:false
87 silly fetch manifest debug@~4.3.2
88 silly packumentCache full:https://registry.npmjs.org/debug cache-miss
89 http fetch GET 200 https://registry.npmjs.org/debug 12ms (cache hit)
90 silly packumentCache full:https://registry.npmjs.org/debug set size:188929 disposed:false
91 silly fetch manifest engine.io@~6.6.0
92 silly packumentCache full:https://registry.npmjs.org/engine.io cache-miss
93 http fetch GET 200 https://registry.npmjs.org/send 50ms (cache miss)
94 silly packumentCache full:https://registry.npmjs.org/send set size:undefined disposed:false
95 silly fetch manifest socket.io-adapter@~2.5.2
96 silly packumentCache full:https://registry.npmjs.org/socket.io-adapter cache-miss
97 http fetch GET 200 https://registry.npmjs.org/jquery 103ms (cache miss)
98 silly packumentCache full:https://registry.npmjs.org/jquery set size:undefined disposed:false
99 silly fetch manifest socket.io-parser@~4.2.4
100 silly packumentCache full:https://registry.npmjs.org/socket.io-parser cache-miss
101 http fetch GET 200 https://registry.npmjs.org/accepts 68ms (cache miss)
102 silly packumentCache full:https://registry.npmjs.org/accepts set size:undefined disposed:false
103 http fetch GET 200 https://registry.npmjs.org/base64id 60ms (cache miss)
104 silly packumentCache full:https://registry.npmjs.org/base64id set size:undefined disposed:false
105 http fetch GET 200 https://registry.npmjs.org/parseurl 90ms (cache miss)
106 silly packumentCache full:https://registry.npmjs.org/parseurl set size:undefined disposed:false
107 http fetch GET 200 https://registry.npmjs.org/cors 57ms (cache miss)
108 silly packumentCache full:https://registry.npmjs.org/cors set size:undefined disposed:false
109 http fetch GET 200 https://registry.npmjs.org/socket.io-adapter 71ms (cache miss)
110 silly packumentCache full:https://registry.npmjs.org/socket.io-adapter set size:undefined disposed:false
111 http fetch GET 200 https://registry.npmjs.org/socket.io-parser 65ms (cache miss)
112 silly packumentCache full:https://registry.npmjs.org/socket.io-parser set size:undefined disposed:false
113 http fetch GET 200 https://registry.npmjs.org/engine.io 83ms (cache miss)
114 silly packumentCache full:https://registry.npmjs.org/engine.io set size:undefined disposed:false
115 silly placeDep ROOT bytes@3.1.2 OK for: compression@1.7.5 want: 3.1.2
116 silly placeDep ROOT compressible@2.0.18 OK for: compression@1.7.5 want: ~2.0.18
117 silly placeDep ROOT debug@2.6.9 OK for: compression@1.7.5 want: 2.6.9
118 silly placeDep ROOT negotiator@0.6.4 OK for: compression@1.7.5 want: ~0.6.4
119 silly placeDep ROOT on-headers@1.0.2 OK for: compression@1.7.5 want: ~1.0.2
120 silly placeDep ROOT safe-buffer@5.2.1 OK for: compression@1.7.5 want: 5.2.1
121 silly placeDep ROOT vary@1.1.2 OK for: compression@1.7.5 want: ~1.1.2
122 silly fetch manifest mime-db@>= 1.43.0 < 2
123 silly packumentCache full:https://registry.npmjs.org/mime-db cache-miss
124 silly fetch manifest ms@2.0.0
125 silly packumentCache full:https://registry.npmjs.org/ms cache-miss
126 http fetch GET 200 https://registry.npmjs.org/ms 40ms (cache miss)
127 silly packumentCache full:https://registry.npmjs.org/ms set size:undefined disposed:false
128 http fetch GET 200 https://registry.npmjs.org/mime-db 65ms (cache miss)
129 silly packumentCache full:https://registry.npmjs.org/mime-db set size:undefined disposed:false
130 silly placeDep ROOT mime-db@1.53.0 OK for: compressible@2.0.18 want: >= 1.43.0 < 2
131 silly placeDep ROOT ms@2.0.0 OK for: debug@2.6.9 want: 2.0.0
132 silly placeDep ROOT jquery@3.7.1 OK for: gridstack@0.6.4 want: ^1.8 || 2 || 3
133 silly placeDep ROOT encodeurl@2.0.0 OK for: serve-static@1.16.2 want: ~2.0.0
134 silly placeDep ROOT escape-html@1.0.3 OK for: serve-static@1.16.2 want: ~1.0.3
135 silly placeDep ROOT parseurl@1.3.3 OK for: serve-static@1.16.2 want: ~1.3.3
136 silly placeDep ROOT send@0.19.0 OK for: serve-static@1.16.2 want: 0.19.0
137 silly fetch manifest ms@2.1.3
138 silly packumentCache full:https://registry.npmjs.org/ms cache-miss
139 silly fetch manifest depd@2.0.0
140 silly packumentCache full:https://registry.npmjs.org/depd cache-miss
141 silly fetch manifest etag@~1.8.1
142 silly packumentCache full:https://registry.npmjs.org/etag cache-miss
143 silly fetch manifest mime@1.6.0
144 silly packumentCache full:https://registry.npmjs.org/mime cache-miss
145 silly fetch manifest fresh@0.5.2
146 silly packumentCache full:https://registry.npmjs.org/fresh cache-miss
147 silly fetch manifest destroy@1.2.0
148 silly packumentCache full:https://registry.npmjs.org/destroy cache-miss
149 silly fetch manifest statuses@2.0.1
150 silly packumentCache full:https://registry.npmjs.org/statuses cache-miss
151 http fetch GET 200 https://registry.npmjs.org/ms 7ms (cache hit)
152 silly packumentCache full:https://registry.npmjs.org/ms set size:84885 disposed:false
153 silly fetch manifest encodeurl@~1.0.2
154 silly packumentCache full:https://registry.npmjs.org/encodeurl cache-miss
155 http fetch GET 200 https://registry.npmjs.org/encodeurl 6ms (cache hit)
156 silly packumentCache full:https://registry.npmjs.org/encodeurl set size:12296 disposed:false
157 silly fetch manifest http-errors@2.0.0
158 silly packumentCache full:https://registry.npmjs.org/http-errors cache-miss
159 http fetch GET 200 https://registry.npmjs.org/etag 58ms (cache miss)
160 silly packumentCache full:https://registry.npmjs.org/etag set size:undefined disposed:false
161 silly fetch manifest on-finished@2.4.1
162 silly packumentCache full:https://registry.npmjs.org/on-finished cache-miss
163 http fetch GET 200 https://registry.npmjs.org/statuses 61ms (cache miss)
164 silly packumentCache full:https://registry.npmjs.org/statuses set size:undefined disposed:false
165 silly fetch manifest range-parser@~1.2.1
166 silly packumentCache full:https://registry.npmjs.org/range-parser cache-miss
167 http fetch GET 200 https://registry.npmjs.org/depd 67ms (cache miss)
168 silly packumentCache full:https://registry.npmjs.org/depd set size:undefined disposed:false
169 http fetch GET 200 https://registry.npmjs.org/fresh 69ms (cache miss)
170 silly packumentCache full:https://registry.npmjs.org/fresh set size:undefined disposed:false
171 http fetch GET 200 https://registry.npmjs.org/destroy 70ms (cache miss)
172 silly packumentCache full:https://registry.npmjs.org/destroy set size:undefined disposed:false
173 http fetch GET 200 https://registry.npmjs.org/mime 72ms (cache miss)
174 silly packumentCache full:https://registry.npmjs.org/mime set size:undefined disposed:false
175 http fetch GET 200 https://registry.npmjs.org/http-errors 65ms (cache miss)
176 silly packumentCache full:https://registry.npmjs.org/http-errors set size:undefined disposed:false
177 http fetch GET 200 https://registry.npmjs.org/range-parser 35ms (cache miss)
178 silly packumentCache full:https://registry.npmjs.org/range-parser set size:undefined disposed:false
179 http fetch GET 200 https://registry.npmjs.org/on-finished 56ms (cache miss)
180 silly packumentCache full:https://registry.npmjs.org/on-finished set size:undefined disposed:false
181 silly placeDep ROOT depd@2.0.0 OK for: send@0.19.0 want: 2.0.0
182 silly placeDep ROOT destroy@1.2.0 OK for: send@0.19.0 want: 1.2.0
183 silly placeDep node_modules/send encodeurl@1.0.2 OK for: send@0.19.0 want: ~1.0.2
184 silly placeDep ROOT etag@1.8.1 OK for: send@0.19.0 want: ~1.8.1
185 silly placeDep ROOT fresh@0.5.2 OK for: send@0.19.0 want: 0.5.2
186 silly placeDep ROOT http-errors@2.0.0 OK for: send@0.19.0 want: 2.0.0
187 silly placeDep ROOT mime@1.6.0 OK for: send@0.19.0 want: 1.6.0
188 silly placeDep node_modules/send ms@2.1.3 OK for: send@0.19.0 want: 2.1.3
189 silly placeDep ROOT on-finished@2.4.1 OK for: send@0.19.0 want: 2.4.1
190 silly placeDep ROOT range-parser@1.2.1 OK for: send@0.19.0 want: ~1.2.1
191 silly placeDep ROOT statuses@2.0.1 OK for: send@0.19.0 want: 2.0.1
192 silly fetch manifest inherits@2.0.4
193 silly packumentCache full:https://registry.npmjs.org/inherits cache-miss
194 silly fetch manifest setprototypeof@1.2.0
195 silly packumentCache full:https://registry.npmjs.org/setprototypeof cache-miss
196 silly fetch manifest toidentifier@1.0.1
197 silly packumentCache full:https://registry.npmjs.org/toidentifier cache-miss
198 silly fetch manifest ee-first@1.1.1
199 silly packumentCache full:https://registry.npmjs.org/ee-first cache-miss
200 http fetch GET 200 https://registry.npmjs.org/inherits 45ms (cache miss)
201 silly packumentCache full:https://registry.npmjs.org/inherits set size:undefined disposed:false
202 http fetch GET 200 https://registry.npmjs.org/setprototypeof 55ms (cache miss)
203 silly packumentCache full:https://registry.npmjs.org/setprototypeof set size:undefined disposed:false
204 http fetch GET 200 https://registry.npmjs.org/toidentifier 58ms (cache miss)
205 silly packumentCache full:https://registry.npmjs.org/toidentifier set size:undefined disposed:false
206 http fetch GET 200 https://registry.npmjs.org/ee-first 88ms (cache miss)
207 silly packumentCache full:https://registry.npmjs.org/ee-first set size:undefined disposed:false
208 silly placeDep ROOT inherits@2.0.4 OK for: http-errors@2.0.0 want: 2.0.4
209 silly placeDep ROOT setprototypeof@1.2.0 OK for: http-errors@2.0.0 want: 1.2.0
210 silly placeDep ROOT toidentifier@1.0.1 OK for: http-errors@2.0.0 want: 1.0.1
211 silly placeDep ROOT ee-first@1.1.1 OK for: on-finished@2.4.1 want: 1.1.1
212 silly placeDep ROOT accepts@1.3.8 OK for: socket.io@4.8.1 want: ~1.3.4
213 silly placeDep ROOT base64id@2.0.0 OK for: socket.io@4.8.1 want: ~2.0.0
214 silly placeDep ROOT cors@2.8.5 OK for: socket.io@4.8.1 want: ~2.8.5
215 silly placeDep node_modules/socket.io debug@4.3.7 OK for: socket.io@4.8.1 want: ~4.3.2
216 silly placeDep ROOT engine.io@6.6.2 OK for: socket.io@4.8.1 want: ~6.6.0
217 silly placeDep ROOT socket.io-adapter@2.5.5 OK for: socket.io@4.8.1 want: ~2.5.2
218 silly placeDep ROOT socket.io-parser@4.2.4 OK for: socket.io@4.8.1 want: ~4.2.4
219 silly fetch manifest mime-types@~2.1.34
220 silly packumentCache full:https://registry.npmjs.org/mime-types cache-miss
221 silly fetch manifest negotiator@0.6.3
222 silly packumentCache full:https://registry.npmjs.org/negotiator cache-miss
223 silly fetch manifest object-assign@^4
224 silly packumentCache full:https://registry.npmjs.org/object-assign cache-miss
225 silly fetch manifest ms@^2.1.3
226 silly packumentCache full:https://registry.npmjs.org/ms cache-hit
227 silly fetch manifest @types/cookie@^0.4.1
228 silly packumentCache full:https://registry.npmjs.org/@types%2fcookie cache-miss
229 silly fetch manifest @types/cors@^2.8.12
230 silly packumentCache full:https://registry.npmjs.org/@types%2fcors cache-miss
231 silly fetch manifest @types/node@>=10.0.0
232 silly packumentCache full:https://registry.npmjs.org/@types%2fnode cache-miss
233 silly fetch manifest cookie@~0.7.2
234 silly packumentCache full:https://registry.npmjs.org/cookie cache-miss
235 http fetch GET 200 https://registry.npmjs.org/negotiator 12ms (cache hit)
236 silly packumentCache full:https://registry.npmjs.org/negotiator set size:47986 disposed:false
237 silly fetch manifest debug@~4.3.1
238 silly packumentCache full:https://registry.npmjs.org/debug cache-hit
239 silly fetch manifest engine.io-parser@~5.2.1
240 silly packumentCache full:https://registry.npmjs.org/engine.io-parser cache-miss
241 http fetch GET 200 https://registry.npmjs.org/object-assign 46ms (cache miss)
242 silly packumentCache full:https://registry.npmjs.org/object-assign set size:undefined disposed:false
243 silly fetch manifest ws@~8.17.1
244 silly packumentCache full:https://registry.npmjs.org/ws cache-miss
245 http fetch GET 200 https://registry.npmjs.org/@types%2fcookie 93ms (cache miss)
246 silly packumentCache full:https://registry.npmjs.org/@types%2fcookie set size:undefined disposed:false
247 silly fetch manifest debug@~4.3.4
248 silly packumentCache full:https://registry.npmjs.org/debug cache-hit
249 silly fetch manifest ws@~8.17.1
250 silly packumentCache full:https://registry.npmjs.org/ws cache-miss
251 http fetch GET 200 https://registry.npmjs.org/engine.io-parser 86ms (cache miss)
252 silly packumentCache full:https://registry.npmjs.org/engine.io-parser set size:undefined disposed:false
253 silly fetch manifest @socket.io/component-emitter@~3.1.0
254 silly packumentCache full:https://registry.npmjs.org/@socket.io%2fcomponent-emitter cache-miss
255 http fetch GET 200 https://registry.npmjs.org/@types%2fcors 101ms (cache miss)
256 silly packumentCache full:https://registry.npmjs.org/@types%2fcors set size:undefined disposed:false
257 http fetch GET 200 https://registry.npmjs.org/cookie 101ms (cache miss)
258 silly packumentCache full:https://registry.npmjs.org/cookie set size:undefined disposed:false
259 http fetch GET 200 https://registry.npmjs.org/mime-types 110ms (cache miss)
260 silly packumentCache full:https://registry.npmjs.org/mime-types set size:undefined disposed:false
261 http fetch GET 200 https://registry.npmjs.org/ws 100ms (cache miss)
262 silly packumentCache full:https://registry.npmjs.org/ws set size:undefined disposed:false
263 http fetch GET 200 https://registry.npmjs.org/ws 67ms (cache miss)
264 silly packumentCache full:https://registry.npmjs.org/ws set size:undefined disposed:false
265 http fetch GET 200 https://registry.npmjs.org/@socket.io%2fcomponent-emitter 71ms (cache miss)
266 silly packumentCache full:https://registry.npmjs.org/@socket.io%2fcomponent-emitter set size:undefined disposed:false
267 http fetch GET 200 https://registry.npmjs.org/@types%2fnode 261ms (cache miss)
268 silly packumentCache full:https://registry.npmjs.org/@types%2fnode set size:undefined disposed:false
269 silly placeDep ROOT mime-types@2.1.35 OK for: accepts@1.3.8 want: ~2.1.34
270 silly placeDep node_modules/accepts negotiator@0.6.3 OK for: accepts@1.3.8 want: 0.6.3
271 silly fetch manifest mime-db@1.52.0
272 silly packumentCache full:https://registry.npmjs.org/mime-db cache-miss
273 http fetch GET 200 https://registry.npmjs.org/mime-db 14ms (cache hit)
274 silly packumentCache full:https://registry.npmjs.org/mime-db set size:162007 disposed:false
275 silly placeDep ROOT object-assign@4.1.1 OK for: cors@2.8.5 want: ^4
276 silly fetch manifest bufferutil@^4.0.1
277 silly packumentCache full:https://registry.npmjs.org/bufferutil cache-miss
278 http fetch GET 200 https://registry.npmjs.org/bufferutil 51ms (cache miss)
279 silly packumentCache full:https://registry.npmjs.org/bufferutil set size:undefined disposed:false
280 silly fetch manifest utf-8-validate@>=5.0.2
281 silly packumentCache full:https://registry.npmjs.org/utf-8-validate cache-miss
282 http fetch GET 200 https://registry.npmjs.org/utf-8-validate 53ms (cache miss)
283 silly packumentCache full:https://registry.npmjs.org/utf-8-validate set size:undefined disposed:false
284 silly placeDep ROOT @types/cookie@0.4.1 OK for: engine.io@6.6.2 want: ^0.4.1
285 silly placeDep ROOT @types/cors@2.8.17 OK for: engine.io@6.6.2 want: ^2.8.12
286 silly placeDep ROOT @types/node@22.10.1 OK for: engine.io@6.6.2 want: >=10.0.0
287 silly placeDep ROOT cookie@0.7.2 OK for: engine.io@6.6.2 want: ~0.7.2
288 silly placeDep node_modules/engine.io debug@4.3.7 OK for: engine.io@6.6.2 want: ~4.3.1
289 silly placeDep ROOT engine.io-parser@5.2.3 OK for: engine.io@6.6.2 want: ~5.2.1
290 silly placeDep ROOT ws@8.17.1 OK for: engine.io@6.6.2 want: ~8.17.1
291 silly fetch manifest @types/node@*
292 silly packumentCache full:https://registry.npmjs.org/@types%2fnode cache-miss
293 silly fetch manifest undici-types@~6.20.0
294 silly packumentCache full:https://registry.npmjs.org/undici-types cache-miss
295 http fetch GET 200 https://registry.npmjs.org/@types%2fnode 28ms (cache hit)
296 silly packumentCache full:https://registry.npmjs.org/@types%2fnode set size:9446085 disposed:false
297 http fetch GET 200 https://registry.npmjs.org/undici-types 137ms (cache miss)
298 silly packumentCache full:https://registry.npmjs.org/undici-types set size:undefined disposed:false
299 silly placeDep ROOT undici-types@6.20.0 OK for: @types/node@22.10.1 want: ~6.20.0
300 silly placeDep node_modules/mime-types mime-db@1.52.0 OK for: mime-types@2.1.35 want: 1.52.0
301 silly placeDep node_modules/socket.io-adapter debug@4.3.7 OK for: socket.io-adapter@2.5.5 want: ~4.3.4
302 silly placeDep ROOT @socket.io/component-emitter@3.1.2 OK for: socket.io-parser@4.2.4 want: ~3.1.0
303 silly placeDep node_modules/socket.io-parser debug@4.3.7 OK for: socket.io-parser@4.2.4 want: ~4.3.1
304 silly placeDep node_modules/engine.io ms@2.1.3 OK for: debug@4.3.7 want: ^2.1.3
305 silly placeDep node_modules/socket.io-adapter ms@2.1.3 OK for: debug@4.3.7 want: ^2.1.3
306 silly placeDep node_modules/socket.io-parser ms@2.1.3 OK for: debug@4.3.7 want: ^2.1.3
307 silly placeDep node_modules/socket.io ms@2.1.3 OK for: debug@4.3.7 want: ^2.1.3
308 silly reify moves {}
309 silly tarball no local data for undici-types@https://registry.npmjs.org/undici-types/-/undici-types-6.20.0.tgz. Extracting by manifest.
310 silly tarball no local data for @socket.io/component-emitter@https://registry.npmjs.org/@socket.io/component-emitter/-/component-emitter-3.1.2.tgz. Extracting by manifest.
311 silly tarball no local data for ws@https://registry.npmjs.org/ws/-/ws-8.17.1.tgz. Extracting by manifest.
312 silly tarball no local data for engine.io-parser@https://registry.npmjs.org/engine.io-parser/-/engine.io-parser-5.2.3.tgz. Extracting by manifest.
313 silly tarball no local data for cookie@https://registry.npmjs.org/cookie/-/cookie-0.7.2.tgz. Extracting by manifest.
314 silly tarball no local data for @types/node@https://registry.npmjs.org/@types/node/-/node-22.10.1.tgz. Extracting by manifest.
315 silly tarball no local data for @types/cors@https://registry.npmjs.org/@types/cors/-/cors-2.8.17.tgz. Extracting by manifest.
316 silly tarball no local data for @types/cookie@https://registry.npmjs.org/@types/cookie/-/cookie-0.4.1.tgz. Extracting by manifest.
317 silly tarball no local data for object-assign@https://registry.npmjs.org/object-assign/-/object-assign-4.1.1.tgz. Extracting by manifest.
318 silly tarball no local data for mime-types@https://registry.npmjs.org/mime-types/-/mime-types-2.1.35.tgz. Extracting by manifest.
319 silly tarball no local data for socket.io-parser@https://registry.npmjs.org/socket.io-parser/-/socket.io-parser-4.2.4.tgz. Extracting by manifest.
320 silly tarball no local data for socket.io-adapter@https://registry.npmjs.org/socket.io-adapter/-/socket.io-adapter-2.5.5.tgz. Extracting by manifest.
321 silly tarball no local data for engine.io@https://registry.npmjs.org/engine.io/-/engine.io-6.6.2.tgz. Extracting by manifest.
322 silly tarball no local data for base64id@https://registry.npmjs.org/base64id/-/base64id-2.0.0.tgz. Extracting by manifest.
323 silly tarball no local data for cors@https://registry.npmjs.org/cors/-/cors-2.8.5.tgz. Extracting by manifest.
324 silly tarball no local data for accepts@https://registry.npmjs.org/accepts/-/accepts-1.3.8.tgz. Extracting by manifest.
325 silly tarball no local data for ee-first@https://registry.npmjs.org/ee-first/-/ee-first-1.1.1.tgz. Extracting by manifest.
326 silly tarball no local data for toidentifier@https://registry.npmjs.org/toidentifier/-/toidentifier-1.0.1.tgz. Extracting by manifest.
327 silly tarball no local data for inherits@https://registry.npmjs.org/inherits/-/inherits-2.0.4.tgz. Extracting by manifest.
328 silly tarball no local data for setprototypeof@https://registry.npmjs.org/setprototypeof/-/setprototypeof-1.2.0.tgz. Extracting by manifest.
329 silly tarball no local data for statuses@https://registry.npmjs.org/statuses/-/statuses-2.0.1.tgz. Extracting by manifest.
330 silly tarball no local data for range-parser@https://registry.npmjs.org/range-parser/-/range-parser-1.2.1.tgz. Extracting by manifest.
331 silly tarball no local data for on-finished@https://registry.npmjs.org/on-finished/-/on-finished-2.4.1.tgz. Extracting by manifest.
332 silly tarball no local data for mime@https://registry.npmjs.org/mime/-/mime-1.6.0.tgz. Extracting by manifest.
333 silly tarball no local data for http-errors@https://registry.npmjs.org/http-errors/-/http-errors-2.0.0.tgz. Extracting by manifest.
334 silly tarball no local data for fresh@https://registry.npmjs.org/fresh/-/fresh-0.5.2.tgz. Extracting by manifest.
335 silly tarball no local data for etag@https://registry.npmjs.org/etag/-/etag-1.8.1.tgz. Extracting by manifest.
336 silly tarball no local data for depd@https://registry.npmjs.org/depd/-/depd-2.0.0.tgz. Extracting by manifest.
337 silly tarball no local data for parseurl@https://registry.npmjs.org/parseurl/-/parseurl-1.3.3.tgz. Extracting by manifest.
338 silly tarball no local data for destroy@https://registry.npmjs.org/destroy/-/destroy-1.2.0.tgz. Extracting by manifest.
339 silly tarball no local data for send@https://registry.npmjs.org/send/-/send-0.19.0.tgz. Extracting by manifest.
340 silly tarball no local data for escape-html@https://registry.npmjs.org/escape-html/-/escape-html-1.0.3.tgz. Extracting by manifest.
341 silly tarball no local data for encodeurl@https://registry.npmjs.org/encodeurl/-/encodeurl-2.0.0.tgz. Extracting by manifest.
342 silly tarball no local data for ms@https://registry.npmjs.org/ms/-/ms-2.0.0.tgz. Extracting by manifest.
343 silly tarball no local data for jquery@https://registry.npmjs.org/jquery/-/jquery-3.7.1.tgz. Extracting by manifest.
344 silly tarball no local data for mime-db@https://registry.npmjs.org/mime-db/-/mime-db-1.53.0.tgz. Extracting by manifest.
345 silly tarball no local data for vary@https://registry.npmjs.org/vary/-/vary-1.1.2.tgz. Extracting by manifest.
346 silly tarball no local data for on-headers@https://registry.npmjs.org/on-headers/-/on-headers-1.0.2.tgz. Extracting by manifest.
347 silly tarball no local data for safe-buffer@https://registry.npmjs.org/safe-buffer/-/safe-buffer-5.2.1.tgz. Extracting by manifest.
348 silly tarball no local data for negotiator@https://registry.npmjs.org/negotiator/-/negotiator-0.6.4.tgz. Extracting by manifest.
349 silly tarball no local data for debug@https://registry.npmjs.org/debug/-/debug-2.6.9.tgz. Extracting by manifest.
350 silly tarball no local data for compressible@https://registry.npmjs.org/compressible/-/compressible-2.0.18.tgz. Extracting by manifest.
351 silly tarball no local data for bytes@https://registry.npmjs.org/bytes/-/bytes-3.1.2.tgz. Extracting by manifest.
352 silly tarball no local data for socket.io@https://registry.npmjs.org/socket.io/-/socket.io-4.8.1.tgz. Extracting by manifest.
353 silly tarball no local data for serve-static@https://registry.npmjs.org/serve-static/-/serve-static-1.16.2.tgz. Extracting by manifest.
354 silly tarball no local data for compression@https://registry.npmjs.org/compression/-/compression-1.7.5.tgz. Extracting by manifest.
355 silly tarball no local data for gridstack@https://registry.npmjs.org/gridstack/-/gridstack-0.6.4.tgz. Extracting by manifest.
356 silly tarball no local data for node-red-dashboard@https://registry.npmjs.org/node-red-dashboard/-/node-red-dashboard-3.6.5.tgz. Extracting by manifest.
357 silly tarball no local data for ms@https://registry.npmjs.org/ms/-/ms-2.1.3.tgz. Extracting by manifest.
358 silly tarball no local data for ms@https://registry.npmjs.org/ms/-/ms-2.1.3.tgz. Extracting by manifest.
359 silly tarball no local data for mime-db@https://registry.npmjs.org/mime-db/-/mime-db-1.52.0.tgz. Extracting by manifest.
360 silly tarball no local data for debug@https://registry.npmjs.org/debug/-/debug-4.3.7.tgz. Extracting by manifest.
361 silly tarball no local data for ms@https://registry.npmjs.org/ms/-/ms-2.1.3.tgz. Extracting by manifest.
362 silly tarball no local data for debug@https://registry.npmjs.org/debug/-/debug-4.3.7.tgz. Extracting by manifest.
363 silly tarball no local data for negotiator@https://registry.npmjs.org/negotiator/-/negotiator-0.6.3.tgz. Extracting by manifest.
364 silly tarball no local data for encodeurl@https://registry.npmjs.org/encodeurl/-/encodeurl-1.0.2.tgz. Extracting by manifest.
365 silly tarball no local data for ms@https://registry.npmjs.org/ms/-/ms-2.1.3.tgz. Extracting by manifest.
366 silly tarball no local data for debug@https://registry.npmjs.org/debug/-/debug-4.3.7.tgz. Extracting by manifest.
367 silly tarball no local data for ms@https://registry.npmjs.org/ms/-/ms-2.1.3.tgz. Extracting by manifest.
368 silly tarball no local data for debug@https://registry.npmjs.org/debug/-/debug-4.3.7.tgz. Extracting by manifest.
369 http fetch GET 200 https://registry.npmjs.org/cookie/-/cookie-0.7.2.tgz 177ms (cache miss)
370 http fetch GET 200 https://registry.npmjs.org/engine.io-parser/-/engine.io-parser-5.2.3.tgz 180ms (cache miss)
371 http fetch GET 200 https://registry.npmjs.org/ee-first/-/ee-first-1.1.1.tgz 183ms (cache miss)
372 http fetch GET 200 https://registry.npmjs.org/accepts/-/accepts-1.3.8.tgz 183ms (cache miss)
373 http fetch GET 200 https://registry.npmjs.org/@types/cors/-/cors-2.8.17.tgz 189ms (cache miss)
374 http fetch GET 200 https://registry.npmjs.org/toidentifier/-/toidentifier-1.0.1.tgz 200ms (cache miss)
375 http fetch GET 200 https://registry.npmjs.org/inherits/-/inherits-2.0.4.tgz 226ms (cache miss)
376 http fetch GET 200 https://registry.npmjs.org/ws/-/ws-8.17.1.tgz 255ms (cache miss)
377 http fetch GET 200 https://registry.npmjs.org/setprototypeof/-/setprototypeof-1.2.0.tgz 273ms (cache miss)
378 http fetch GET 200 https://registry.npmjs.org/statuses/-/statuses-2.0.1.tgz 273ms (cache miss)
379 http fetch GET 200 https://registry.npmjs.org/on-finished/-/on-finished-2.4.1.tgz 297ms (cache miss)
380 http fetch GET 200 https://registry.npmjs.org/mime/-/mime-1.6.0.tgz 301ms (cache miss)
381 http fetch GET 200 https://registry.npmjs.org/range-parser/-/range-parser-1.2.1.tgz 302ms (cache miss)
382 http fetch GET 200 https://registry.npmjs.org/http-errors/-/http-errors-2.0.0.tgz 316ms (cache miss)
383 http fetch GET 200 https://registry.npmjs.org/base64id/-/base64id-2.0.0.tgz 337ms (cache miss)
384 http fetch GET 200 https://registry.npmjs.org/fresh/-/fresh-0.5.2.tgz 333ms (cache miss)
385 http fetch GET 200 https://registry.npmjs.org/mime-types/-/mime-types-2.1.35.tgz 349ms (cache miss)
386 http fetch GET 200 https://registry.npmjs.org/object-assign/-/object-assign-4.1.1.tgz 357ms (cache miss)
387 http fetch GET 200 https://registry.npmjs.org/@socket.io/component-emitter/-/component-emitter-3.1.2.tgz 360ms (cache miss)
388 http fetch GET 200 https://registry.npmjs.org/@types/cookie/-/cookie-0.4.1.tgz 365ms (cache miss)
389 http fetch GET 200 https://registry.npmjs.org/etag/-/etag-1.8.1.tgz 354ms (cache miss)
390 http fetch GET 200 https://registry.npmjs.org/cors/-/cors-2.8.5.tgz 365ms (cache miss)
391 http fetch GET 200 https://registry.npmjs.org/parseurl/-/parseurl-1.3.3.tgz 371ms (cache miss)
392 http fetch GET 200 https://registry.npmjs.org/encodeurl/-/encodeurl-2.0.0.tgz 372ms (cache miss)
393 http fetch GET 200 https://registry.npmjs.org/socket.io-parser/-/socket.io-parser-4.2.4.tgz 389ms (cache miss)
394 http fetch GET 200 https://registry.npmjs.org/escape-html/-/escape-html-1.0.3.tgz 377ms (cache miss)
395 http fetch GET 200 https://registry.npmjs.org/ms/-/ms-2.0.0.tgz 376ms (cache miss)
396 http fetch GET 200 https://registry.npmjs.org/undici-types/-/undici-types-6.20.0.tgz 399ms (cache miss)
397 http fetch GET 200 https://registry.npmjs.org/destroy/-/destroy-1.2.0.tgz 384ms (cache miss)
398 http fetch GET 200 https://registry.npmjs.org/on-headers/-/on-headers-1.0.2.tgz 379ms (cache miss)
399 http fetch GET 200 https://registry.npmjs.org/compressible/-/compressible-2.0.18.tgz 376ms (cache miss)
400 http fetch GET 200 https://registry.npmjs.org/depd/-/depd-2.0.0.tgz 389ms (cache miss)
401 http fetch GET 200 https://registry.npmjs.org/socket.io-adapter/-/socket.io-adapter-2.5.5.tgz 401ms (cache miss)
402 http fetch GET 200 https://registry.npmjs.org/vary/-/vary-1.1.2.tgz 387ms (cache miss)
403 http fetch GET 200 https://registry.npmjs.org/negotiator/-/negotiator-0.6.4.tgz 385ms (cache miss)
404 http fetch GET 200 https://registry.npmjs.org/negotiator/-/negotiator-0.6.3.tgz 377ms (cache miss)
405 http fetch GET 200 https://registry.npmjs.org/bytes/-/bytes-3.1.2.tgz 388ms (cache miss)
406 http fetch GET 200 https://registry.npmjs.org/ms/-/ms-2.1.3.tgz 386ms (cache miss)
407 http fetch GET 200 https://registry.npmjs.org/debug/-/debug-4.3.7.tgz 383ms (cache miss)
408 http fetch GET 200 https://registry.npmjs.org/safe-buffer/-/safe-buffer-5.2.1.tgz 395ms (cache miss)
409 http fetch GET 200 https://registry.npmjs.org/debug/-/debug-4.3.7.tgz 393ms (cache miss)
410 http fetch GET 200 https://registry.npmjs.org/send/-/send-0.19.0.tgz 410ms (cache miss)
411 http fetch GET 200 https://registry.npmjs.org/compression/-/compression-1.7.5.tgz 399ms (cache miss)
412 http fetch GET 200 https://registry.npmjs.org/encodeurl/-/encodeurl-1.0.2.tgz 392ms (cache miss)
413 http fetch GET 200 https://registry.npmjs.org/serve-static/-/serve-static-1.16.2.tgz 402ms (cache miss)
414 http fetch GET 200 https://registry.npmjs.org/ms/-/ms-2.1.3.tgz 397ms (cache miss)
415 http fetch GET 200 https://registry.npmjs.org/ms/-/ms-2.1.3.tgz 399ms (cache miss)
416 http fetch GET 200 https://registry.npmjs.org/ms/-/ms-2.1.3.tgz 392ms (cache miss)
417 http fetch GET 200 https://registry.npmjs.org/ms/-/ms-2.1.3.tgz 393ms (cache miss)
418 http fetch GET 200 https://registry.npmjs.org/mime-db/-/mime-db-1.53.0.tgz 419ms (cache miss)
419 http fetch GET 200 https://registry.npmjs.org/debug/-/debug-4.3.7.tgz 404ms (cache miss)
420 http fetch GET 200 https://registry.npmjs.org/debug/-/debug-4.3.7.tgz 404ms (cache miss)
421 http fetch GET 200 https://registry.npmjs.org/debug/-/debug-2.6.9.tgz 418ms (cache miss)
422 http fetch GET 200 https://registry.npmjs.org/mime-db/-/mime-db-1.52.0.tgz 417ms (cache miss)
423 http fetch GET 200 https://registry.npmjs.org/engine.io/-/engine.io-6.6.2.tgz 453ms (cache miss)
424 http fetch GET 200 https://registry.npmjs.org/gridstack/-/gridstack-0.6.4.tgz 467ms (cache miss)
425 http fetch GET 200 https://registry.npmjs.org/socket.io/-/socket.io-4.8.1.tgz 471ms (cache miss)
426 http fetch GET 200 https://registry.npmjs.org/@types/node/-/node-22.10.1.tgz 517ms (cache miss)
427 http fetch GET 200 https://registry.npmjs.org/jquery/-/jquery-3.7.1.tgz 514ms (cache miss)
428 http fetch GET 200 https://registry.npmjs.org/node-red-dashboard/-/node-red-dashboard-3.6.5.tgz 527ms (cache miss)
429 info run node-red-dashboard@3.6.5 postinstall node_modules/node-red-dashboard node fixgrid.js
430 info run node-red-dashboard@3.6.5 postinstall { code: 0, signal: null }
431 silly ADD node_modules/@socket.io/component-emitter
432 silly ADD node_modules/undici-types
433 silly ADD node_modules/ws
434 silly ADD node_modules/engine.io-parser
435 silly ADD node_modules/cookie
436 silly ADD node_modules/@types/node
437 silly ADD node_modules/@types/cors
438 silly ADD node_modules/@types/cookie
439 silly ADD node_modules/object-assign
440 silly ADD node_modules/mime-types
441 silly ADD node_modules/mime-types/node_modules/mime-db
442 silly ADD node_modules/socket.io-parser
443 silly ADD node_modules/socket.io-parser/node_modules/ms
444 silly ADD node_modules/socket.io-parser/node_modules/debug
445 silly ADD node_modules/socket.io-adapter
446 silly ADD node_modules/socket.io-adapter/node_modules/ms
447 silly ADD node_modules/socket.io-adapter/node_modules/debug
448 silly ADD node_modules/engine.io
449 silly ADD node_modules/engine.io/node_modules/ms
450 silly ADD node_modules/engine.io/node_modules/debug
451 silly ADD node_modules/cors
452 silly ADD node_modules/base64id
453 silly ADD node_modules/accepts
454 silly ADD node_modules/accepts/node_modules/negotiator
455 silly ADD node_modules/ee-first
456 silly ADD node_modules/toidentifier
457 silly ADD node_modules/setprototypeof
458 silly ADD node_modules/inherits
459 silly ADD node_modules/statuses
460 silly ADD node_modules/range-parser
461 silly ADD node_modules/on-finished
462 silly ADD node_modules/mime
463 silly ADD node_modules/http-errors
464 silly ADD node_modules/fresh
465 silly ADD node_modules/etag
466 silly ADD node_modules/destroy
467 silly ADD node_modules/depd
468 silly ADD node_modules/send
469 silly ADD node_modules/send/node_modules/ms
470 silly ADD node_modules/send/node_modules/encodeurl
471 silly ADD node_modules/parseurl
472 silly ADD node_modules/escape-html
473 silly ADD node_modules/encodeurl
474 silly ADD node_modules/jquery
475 silly ADD node_modules/ms
476 silly ADD node_modules/mime-db
477 silly ADD node_modules/vary
478 silly ADD node_modules/safe-buffer
479 silly ADD node_modules/on-headers
480 silly ADD node_modules/negotiator
481 silly ADD node_modules/debug
482 silly ADD node_modules/compressible
483 silly ADD node_modules/bytes
484 silly ADD node_modules/socket.io
485 silly ADD node_modules/socket.io/node_modules/ms
486 silly ADD node_modules/socket.io/node_modules/debug
487 silly ADD node_modules/serve-static
488 silly ADD node_modules/gridstack
489 silly ADD node_modules/compression
490 silly ADD node_modules/node-red-dashboard
491 verbose cwd /data
492 verbose os Linux 6.8.0-49-generic
493 verbose node v20.17.0
494 verbose npm  v10.8.2
495 verbose exit 0
496 info ok
