0 verbose cli /usr/local/bin/node /usr/local/bin/npm
1 info using npm@10.8.2
2 info using node@v20.17.0
3 silly config load:file:/usr/local/lib/node_modules/npm/npmrc
4 silly config load:file:/data/.npmrc
5 silly config load:file:/usr/src/node-red/.npmrc
6 silly config load:file:/usr/local/etc/npmrc
7 verbose title npm install node-red-contrib-persist@1.1.1
8 verbose argv "install" "--no-audit" "--no-update-notifier" "--no-fund" "--save" "--save-prefix" "~" "--omit" "dev" "--engine-strict" "node-red-contrib-persist@1.1.1"
9 verbose logfile logs-max:10 dir:/data/.npm/_logs/2024-12-02T22_05_44_890Z-
10 verbose logfile /data/.npm/_logs/2024-12-02T22_05_44_890Z-debug-0.log
11 silly packumentCache heap:2197815296 maxSize:549453824 maxEntrySize:274726912
12 silly logfile done cleaning log files
13 silly idealTree buildDeps
14 silly fetch manifest node-red-contrib-persist@1.1.1
15 silly packumentCache full:https://registry.npmjs.org/node-red-contrib-persist cache-miss
16 http fetch GET 200 https://registry.npmjs.org/node-red-contrib-persist 256ms (cache miss)
17 silly packumentCache full:https://registry.npmjs.org/node-red-contrib-persist set size:undefined disposed:false
18 silly placeDep ROOT node-red-contrib-persist@1.1.1 OK for: node-red-project@0.0.1 want: 1.1.1
19 silly fetch manifest fs-extra@4.*
20 silly packumentCache full:https://registry.npmjs.org/fs-extra cache-miss
21 http fetch GET 200 https://registry.npmjs.org/fs-extra 55ms (cache miss)
22 silly packumentCache full:https://registry.npmjs.org/fs-extra set size:undefined disposed:false
23 silly placeDep ROOT fs-extra@4.0.3 OK for: node-red-contrib-persist@1.1.1 want: 4.*
24 silly fetch manifest jsonfile@^4.0.0
25 silly packumentCache full:https://registry.npmjs.org/jsonfile cache-miss
26 silly fetch manifest graceful-fs@^4.1.2
27 silly packumentCache full:https://registry.npmjs.org/graceful-fs cache-miss
28 silly fetch manifest universalify@^0.1.0
29 silly packumentCache full:https://registry.npmjs.org/universalify cache-miss
30 http fetch GET 200 https://registry.npmjs.org/jsonfile 62ms (cache miss)
31 silly packumentCache full:https://registry.npmjs.org/jsonfile set size:undefined disposed:false
32 http fetch GET 200 https://registry.npmjs.org/graceful-fs 118ms (cache miss)
33 silly packumentCache full:https://registry.npmjs.org/graceful-fs set size:undefined disposed:false
34 http fetch GET 200 https://registry.npmjs.org/universalify 119ms (cache miss)
35 silly packumentCache full:https://registry.npmjs.org/universalify set size:undefined disposed:false
36 silly placeDep ROOT graceful-fs@4.2.11 OK for: fs-extra@4.0.3 want: ^4.1.2
37 silly placeDep ROOT jsonfile@4.0.0 OK for: fs-extra@4.0.3 want: ^4.0.0
38 silly placeDep ROOT universalify@0.1.2 OK for: fs-extra@4.0.3 want: ^0.1.0
39 silly reify moves {}
40 silly tarball no local data for jsonfile@https://registry.npmjs.org/jsonfile/-/jsonfile-4.0.0.tgz. Extracting by manifest.
41 silly tarball no local data for universalify@https://registry.npmjs.org/universalify/-/universalify-0.1.2.tgz. Extracting by manifest.
42 silly tarball no local data for fs-extra@https://registry.npmjs.org/fs-extra/-/fs-extra-4.0.3.tgz. Extracting by manifest.
43 silly tarball no local data for graceful-fs@https://registry.npmjs.org/graceful-fs/-/graceful-fs-4.2.11.tgz. Extracting by manifest.
44 silly tarball no local data for node-red-contrib-persist@https://registry.npmjs.org/node-red-contrib-persist/-/node-red-contrib-persist-1.1.1.tgz. Extracting by manifest.
45 http fetch GET 200 https://registry.npmjs.org/jsonfile/-/jsonfile-4.0.0.tgz 65ms (cache miss)
46 http fetch GET 200 https://registry.npmjs.org/universalify/-/universalify-0.1.2.tgz 65ms (cache miss)
47 http fetch GET 200 https://registry.npmjs.org/fs-extra/-/fs-extra-4.0.3.tgz 84ms (cache miss)
48 http fetch GET 200 https://registry.npmjs.org/graceful-fs/-/graceful-fs-4.2.11.tgz 108ms (cache miss)
49 http fetch GET 200 https://registry.npmjs.org/node-red-contrib-persist/-/node-red-contrib-persist-1.1.1.tgz 222ms (cache miss)
50 silly ADD node_modules/universalify
51 silly ADD node_modules/jsonfile
52 silly ADD node_modules/graceful-fs
53 silly ADD node_modules/fs-extra
54 silly ADD node_modules/node-red-contrib-persist
55 verbose cwd /data
56 verbose os Linux 6.8.0-49-generic
57 verbose node v20.17.0
58 verbose npm  v10.8.2
59 verbose exit 0
60 info ok
